Determining if the pthread_create exist failed with the following output:
Change Dir: /home/mrsang/torob_ws/src/explorer/CMakeFiles/CMakeTmp

Run Build Command:"/usr/bin/make" "cmTC_c945d/fast"
/usr/bin/make -f CMakeFiles/cmTC_c945d.dir/build.make CMakeFiles/cmTC_c945d.dir/build
make[1]: Entering directory '/home/mrsang/torob_ws/src/explorer/CMakeFiles/CMakeTmp'
Building C object CMakeFiles/cmTC_c945d.dir/CheckSymbolExists.c.o
/usr/bin/cc     -o CMakeFiles/cmTC_c945d.dir/CheckSymbolExists.c.o   -c /home/mrsang/torob_ws/src/explorer/CMakeFiles/CMakeTmp/CheckSymbolExists.c
Linking C executable cmTC_c945d
/usr/bin/cmake -E cmake_link_script CMakeFiles/cmTC_c945d.dir/link.txt --verbose=1
/usr/bin/cc       CMakeFiles/cmTC_c945d.dir/CheckSymbolExists.c.o  -o cmTC_c945d -rdynamic 
CMakeFiles/cmTC_c945d.dir/CheckSymbolExists.c.o: In function `main':
CheckSymbolExists.c:(.text+0x16): undefined reference to `pthread_create'
collect2: error: ld returned 1 exit status
CMakeFiles/cmTC_c945d.dir/build.make:97: recipe for target 'cmTC_c945d' failed
make[1]: *** [cmTC_c945d] Error 1
make[1]: Leaving directory '/home/mrsang/torob_ws/src/explorer/CMakeFiles/CMakeTmp'
Makefile:126: recipe for target 'cmTC_c945d/fast' failed
make: *** [cmTC_c945d/fast] Error 2

File /home/mrsang/torob_ws/src/explorer/CMakeFiles/CMakeTmp/CheckSymbolExists.c:
/* */
#include <pthread.h>

int main(int argc, char** argv)
{
  (void)argv;
#ifndef pthread_create
  return ((int*)(&pthread_create))[argc];
#else
  (void)argc;
  return 0;
#endif
}

Determining if the function pthread_create exists in the pthreads failed with the following output:
Change Dir: /home/mrsang/torob_ws/src/explorer/CMakeFiles/CMakeTmp

Run Build Command:"/usr/bin/make" "cmTC_c3e60/fast"
/usr/bin/make -f CMakeFiles/cmTC_c3e60.dir/build.make CMakeFiles/cmTC_c3e60.dir/build
make[1]: Entering directory '/home/mrsang/torob_ws/src/explorer/CMakeFiles/CMakeTmp'
Building C object CMakeFiles/cmTC_c3e60.dir/CheckFunctionExists.c.o
/usr/bin/cc    -DCHECK_FUNCTION_EXISTS=pthread_create   -o CMakeFiles/cmTC_c3e60.dir/CheckFunctionExists.c.o   -c /usr/share/cmake-3.5/Modules/CheckFunctionExists.c
Linking C executable cmTC_c3e60
/usr/bin/cmake -E cmake_link_script CMakeFiles/cmTC_c3e60.dir/link.txt --verbose=1
/usr/bin/cc   -DCHECK_FUNCTION_EXISTS=pthread_create    CMakeFiles/cmTC_c3e60.dir/CheckFunctionExists.c.o  -o cmTC_c3e60 -rdynamic -lpthreads 
/usr/bin/ld: cannot find -lpthreads
collect2: error: ld returned 1 exit status
CMakeFiles/cmTC_c3e60.dir/build.make:97: recipe for target 'cmTC_c3e60' failed
make[1]: *** [cmTC_c3e60] Error 1
make[1]: Leaving directory '/home/mrsang/torob_ws/src/explorer/CMakeFiles/CMakeTmp'
Makefile:126: recipe for target 'cmTC_c3e60/fast' failed
make: *** [cmTC_c3e60/fast] Error 2


Determining if the pthread_create exist failed with the following output:
Change Dir: /home/mrsang/torob_ws/src/explorer/CMakeFiles/CMakeTmp

Run Build Command:"/usr/bin/make" "cmTC_442b5/fast"
/usr/bin/make -f CMakeFiles/cmTC_442b5.dir/build.make CMakeFiles/cmTC_442b5.dir/build
make[1]: Entering directory '/home/mrsang/torob_ws/src/explorer/CMakeFiles/CMakeTmp'
Building C object CMakeFiles/cmTC_442b5.dir/CheckSymbolExists.c.o
/usr/bin/cc     -o CMakeFiles/cmTC_442b5.dir/CheckSymbolExists.c.o   -c /home/mrsang/torob_ws/src/explorer/CMakeFiles/CMakeTmp/CheckSymbolExists.c
Linking C executable cmTC_442b5
/usr/bin/cmake -E cmake_link_script CMakeFiles/cmTC_442b5.dir/link.txt --verbose=1
/usr/bin/cc       CMakeFiles/cmTC_442b5.dir/CheckSymbolExists.c.o  -o cmTC_442b5 -rdynamic 
CMakeFiles/cmTC_442b5.dir/CheckSymbolExists.c.o: In function `main':
CheckSymbolExists.c:(.text+0x16): undefined reference to `pthread_create'
collect2: error: ld returned 1 exit status
CMakeFiles/cmTC_442b5.dir/build.make:97: recipe for target 'cmTC_442b5' failed
make[1]: *** [cmTC_442b5] Error 1
make[1]: Leaving directory '/home/mrsang/torob_ws/src/explorer/CMakeFiles/CMakeTmp'
Makefile:126: recipe for target 'cmTC_442b5/fast' failed
make: *** [cmTC_442b5/fast] Error 2

File /home/mrsang/torob_ws/src/explorer/CMakeFiles/CMakeTmp/CheckSymbolExists.c:
/* */
#include <pthread.h>

int main(int argc, char** argv)
{
  (void)argv;
#ifndef pthread_create
  return ((int*)(&pthread_create))[argc];
#else
  (void)argc;
  return 0;
#endif
}

Determining if the function pthread_create exists in the pthreads failed with the following output:
Change Dir: /home/mrsang/torob_ws/src/explorer/CMakeFiles/CMakeTmp

Run Build Command:"/usr/bin/make" "cmTC_0ac1d/fast"
/usr/bin/make -f CMakeFiles/cmTC_0ac1d.dir/build.make CMakeFiles/cmTC_0ac1d.dir/build
make[1]: Entering directory '/home/mrsang/torob_ws/src/explorer/CMakeFiles/CMakeTmp'
Building C object CMakeFiles/cmTC_0ac1d.dir/CheckFunctionExists.c.o
/usr/bin/cc    -DCHECK_FUNCTION_EXISTS=pthread_create   -o CMakeFiles/cmTC_0ac1d.dir/CheckFunctionExists.c.o   -c /usr/share/cmake-3.5/Modules/CheckFunctionExists.c
Linking C executable cmTC_0ac1d
/usr/bin/cmake -E cmake_link_script CMakeFiles/cmTC_0ac1d.dir/link.txt --verbose=1
/usr/bin/cc   -DCHECK_FUNCTION_EXISTS=pthread_create    CMakeFiles/cmTC_0ac1d.dir/CheckFunctionExists.c.o  -o cmTC_0ac1d -rdynamic -lpthreads 
/usr/bin/ld: cannot find -lpthreads
collect2: error: ld returned 1 exit status
CMakeFiles/cmTC_0ac1d.dir/build.make:97: recipe for target 'cmTC_0ac1d' failed
make[1]: *** [cmTC_0ac1d] Error 1
make[1]: Leaving directory '/home/mrsang/torob_ws/src/explorer/CMakeFiles/CMakeTmp'
Makefile:126: recipe for target 'cmTC_0ac1d/fast' failed
make: *** [cmTC_0ac1d/fast] Error 2


